<?xml version="1.0" encoding="UTF-8"?>
<!-- Generated by org.testng.reporters.JUnitReportReporter -->
<testsuite skipped="0" hostname="LAPTOP-S1LVCJIH" name="com.TestCases.Tc_01_ValidateSignIn" tests="1" failures="0" timestamp="04 Jan 2019 17:19:54 GMT" time="18.778" errors="0">
  <testcase name="validate_Signin" time="18.778" classname="com.TestCases.Tc_01_ValidateSignIn"/>
</testsuite> <!-- com.TestCases.Tc_01_ValidateSignIn -->
